TN:
SF:Test.js
FN:1,sum
FNF:1
FNH:1
FNDA:1,sum
DA:2,1
DA:4,1
LF:2
LH:2
BRF:0
BRH:0
end_of_record
TN:
SF:client/src/Notification.jsx
FN:2,(anonymous_0)
FN:6,(anonymous_1)
FN:9,(anonymous_2)
FN:22,(anonymous_3)
FN:23,(anonymous_4)
FN:26,(anonymous_5)
FN:32,(anonymous_6)
FN:34,(anonymous_7)
FN:36,(anonymous_8)
FN:42,(anonymous_9)
FN:47,(anonymous_10)
FN:72,(anonymous_11)
FN:75,(anonymous_12)
FN:78,(anonymous_13)
FN:91,(anonymous_14)
FN:95,(anonymous_15)
FN:96,(anonymous_16)
FN:102,(anonymous_17)
FN:103,(anonymous_18)
FN:112,(anonymous_19)
FN:136,(anonymous_20)
FN:139,(anonymous_21)
FN:142,(anonymous_22)
FN:155,(anonymous_23)
FNF:24
FNH:2
FNDA:2,(anonymous_0)
FNDA:1,(anonymous_1)
FNDA:0,(anonymous_2)
FNDA:0,(anonymous_3)
FNDA:0,(anonymous_4)
FNDA:0,(anonymous_5)
FNDA:0,(anonymous_6)
FNDA:0,(anonymous_7)
FNDA:0,(anonymous_8)
FNDA:0,(anonymous_9)
FNDA:0,(anonymous_10)
FNDA:0,(anonymous_11)
FNDA:0,(anonymous_12)
FNDA:0,(anonymous_13)
FNDA:0,(anonymous_14)
FNDA:0,(anonymous_15)
FNDA:0,(anonymous_16)
FNDA:0,(anonymous_17)
FNDA:0,(anonymous_18)
FNDA:0,(anonymous_19)
FNDA:0,(anonymous_20)
FNDA:0,(anonymous_21)
FNDA:0,(anonymous_22)
FNDA:0,(anonymous_23)
DA:2,1
DA:4,2
DA:6,2
DA:9,1
DA:10,0
DA:18,2
DA:19,2
DA:22,2
DA:23,0
DA:26,0
DA:27,0
DA:32,1
DA:34,0
DA:36,0
DA:37,0
DA:38,0
DA:42,0
DA:43,0
DA:47,1
DA:49,0
DA:50,0
DA:52,0
DA:72,0
DA:73,0
DA:74,0
DA:75,0
DA:78,0
DA:80,0
DA:81,0
DA:82,0
DA:84,0
DA:89,0
DA:91,0
DA:95,0
DA:96,0
DA:100,0
DA:102,0
DA:103,0
DA:105,0
DA:112,1
DA:113,0
DA:116,0
DA:136,0
DA:137,0
DA:138,0
DA:139,0
DA:142,0
DA:144,0
DA:145,0
DA:146,0
DA:148,0
DA:153,0
DA:155,0
DA:159,0
DA:163,1
DA:164,1
DA:165,1
DA:166,1
LF:58
LH:14
BRDA:74,0,0,0
BRDA:74,0,1,0
BRDA:138,1,0,0
BRDA:138,1,1,0
BRF:4
BRH:0
end_of_record
TN:
SF:client/src/components/Favorites.jsx
FN:5,(anonymous_0)
FN:8,(anonymous_1)
FN:9,(anonymous_2)
FN:14,(anonymous_3)
FN:21,(anonymous_4)
FN:28,(anonymous_5)
FN:30,(anonymous_6)
FN:31,(anonymous_7)
FN:36,(anonymous_8)
FN:44,(anonymous_9)
FN:48,(anonymous_10)
FN:60,(anonymous_11)
FN:62,(anonymous_12)
FNF:13
FNH:3
FNDA:2,(anonymous_0)
FNDA:0,(anonymous_1)
FNDA:0,(anonymous_2)
FNDA:0,(anonymous_3)
FNDA:1,(anonymous_4)
FNDA:0,(anonymous_5)
FNDA:0,(anonymous_6)
FNDA:0,(anonymous_7)
FNDA:0,(anonymous_8)
FNDA:0,(anonymous_9)
FNDA:0,(anonymous_10)
FNDA:2,(anonymous_11)
FNDA:0,(anonymous_12)
DA:5,1
DA:6,2
DA:8,2
DA:9,2
DA:11,2
DA:12,0
DA:14,0
DA:15,0
DA:16,0
DA:19,2
DA:21,2
DA:22,1
DA:23,1
DA:28,1
DA:29,0
DA:30,0
DA:31,0
DA:33,0
DA:34,0
DA:36,0
DA:37,0
DA:38,0
DA:41,0
DA:44,0
DA:45,0
DA:46,0
DA:48,0
DA:49,0
DA:50,0
DA:53,0
DA:60,1
DA:61,2
DA:62,2
DA:64,2
DA:68,1
DA:69,1
DA:70,1
LF:37
LH:17
BRDA:8,0,0,0
BRDA:8,0,1,2
BRDA:11,1,0,0
BRDA:11,1,1,2
BRDA:30,2,0,0
BRDA:30,2,1,0
BRDA:33,3,0,0
BRDA:33,3,1,0
BRDA:62,4,0,0
BRDA:62,4,1,2
BRF:10
BRH:3
end_of_record
TN:
SF:client/src/components/ProductOverview.jsx
FN:18,(anonymous_0)
FN:29,(anonymous_1)
FN:35,(anonymous_2)
FN:47,(anonymous_3)
FN:53,(anonymous_4)
FN:62,(anonymous_5)
FN:81,(anonymous_6)
FN:93,(anonymous_7)
FN:100,(anonymous_8)
FN:114,(anonymous_9)
FN:123,(anonymous_10)
FN:124,(anonymous_11)
FN:127,(anonymous_12)
FN:142,(anonymous_13)
FN:172,(anonymous_14)
FN:174,(anonymous_15)
FN:183,(anonymous_16)
FN:192,(anonymous_17)
FN:216,(anonymous_18)
FN:248,(anonymous_19)
FN:256,(anonymous_20)
FN:268,(anonymous_21)
FN:274,(anonymous_22)
FN:310,(anonymous_23)
FN:312,(anonymous_24)
FN:328,(anonymous_25)
FN:332,(anonymous_26)
FN:334,(anonymous_27)
FN:335,(anonymous_28)
FN:344,(anonymous_29)
FN:356,(anonymous_30)
FN:375,(anonymous_31)
FNF:32
FNH:6
FNDA:2,(anonymous_0)
FNDA:2,(anonymous_1)
FNDA:0,(anonymous_2)
FNDA:2,(anonymous_3)
FNDA:0,(anonymous_4)
FNDA:0,(anonymous_5)
FNDA:0,(anonymous_6)
FNDA:0,(anonymous_7)
FNDA:0,(anonymous_8)
FNDA:0,(anonymous_9)
FNDA:0,(anonymous_10)
FNDA:0,(anonymous_11)
FNDA:0,(anonymous_12)
FNDA:0,(anonymous_13)
FNDA:2,(anonymous_14)
FNDA:0,(anonymous_15)
FNDA:2,(anonymous_16)
FNDA:0,(anonymous_17)
FNDA:2,(anonymous_18)
FNDA:0,(anonymous_19)
FNDA:0,(anonymous_20)
FNDA:0,(anonymous_21)
FNDA:0,(anonymous_22)
FNDA:0,(anonymous_23)
FNDA:0,(anonymous_24)
FNDA:0,(anonymous_25)
FNDA:0,(anonymous_26)
FNDA:0,(anonymous_27)
FNDA:0,(anonymous_28)
FNDA:0,(anonymous_29)
FNDA:0,(anonymous_30)
FNDA:0,(anonymous_31)
DA:13,1
DA:14,1
DA:18,1
DA:19,2
DA:20,2
DA:21,2
DA:22,2
DA:23,2
DA:24,2
DA:25,2
DA:26,2
DA:27,2
DA:29,2
DA:31,2
DA:36,0
DA:38,0
DA:39,0
DA:40,0
DA:41,0
DA:47,2
DA:49,2
DA:54,0
DA:56,0
DA:62,2
DA:64,0
DA:66,0
DA:67,0
DA:69,0
DA:71,0
DA:72,0
DA:75,0
DA:76,0
DA:81,2
DA:82,0
DA:84,0
DA:85,0
DA:86,0
DA:88,0
DA:89,0
DA:93,2
DA:94,0
DA:95,0
DA:100,2
DA:102,0
DA:103,0
DA:104,0
DA:105,0
DA:108,0
DA:109,0
DA:114,2
DA:115,0
DA:119,0
DA:120,0
DA:123,0
DA:124,0
DA:127,0
DA:128,0
DA:133,0
DA:136,0
DA:137,0
DA:138,0
DA:142,2
DA:143,0
DA:145,0
DA:148,0
DA:149,0
DA:152,0
DA:153,0
DA:154,0
DA:156,0
DA:157,0
DA:160,0
DA:161,0
DA:163,0
DA:172,2
DA:174,2
DA:176,0
DA:177,0
DA:179,0
DA:183,2
DA:184,2
DA:193,0
DA:195,0
DA:196,0
DA:201,0
DA:216,2
DA:217,2
DA:220,2
DA:221,2
DA:222,2
DA:223,2
DA:224,2
DA:225,2
DA:226,2
DA:240,2
DA:248,0
DA:256,0
DA:268,0
DA:274,0
DA:312,0
DA:328,0
DA:332,0
DA:334,0
DA:335,0
DA:344,0
DA:357,0
DA:375,0
LF:107
LH:36
BRDA:84,0,0,0
BRDA:84,0,1,0
BRDA:103,1,0,0
BRDA:103,1,1,0
BRDA:143,2,0,0
BRDA:143,2,1,0
BRDA:143,3,0,0
BRDA:143,3,1,0
BRDA:152,4,0,0
BRDA:152,4,1,0
BRDA:153,5,0,0
BRDA:153,5,1,0
BRDA:217,6,0,2
BRDA:217,6,1,0
BRDA:248,7,0,0
BRDA:248,7,1,2
BRDA:253,8,0,0
BRDA:253,8,1,2
BRDA:256,9,0,0
BRDA:256,9,1,2
BRDA:268,10,0,0
BRDA:268,10,1,2
BRDA:274,11,0,0
BRDA:274,11,1,2
BRDA:288,12,0,0
BRDA:288,12,1,2
BRDA:294,13,0,2
BRDA:294,13,1,0
BRDA:297,14,0,2
BRDA:297,14,1,0
BRDA:300,15,0,0
BRDA:300,15,1,2
BRDA:305,16,0,2
BRDA:305,16,1,0
BRDA:310,17,0,0
BRDA:310,17,1,2
BRDA:313,18,0,0
BRDA:313,18,1,0
BRDA:332,19,0,0
BRDA:332,19,1,2
BRDA:335,20,0,0
BRDA:335,20,1,2
BRDA:375,21,0,0
BRDA:375,21,1,2
BRF:44
BRH:15
end_of_record
TN:
SF:client/src/components/RatingSystem.jsx
FN:3,(anonymous_0)
FN:24,(anonymous_1)
FN:48,(anonymous_2)
FNF:3
FNH:0
FNDA:0,(anonymous_0)
FNDA:0,(anonymous_1)
FNDA:0,(anonymous_2)
DA:3,1
DA:5,0
DA:6,0
DA:7,0
DA:8,0
DA:9,0
DA:10,0
DA:11,0
DA:15,0
DA:16,0
DA:17,0
DA:18,0
DA:19,0
DA:20,0
DA:21,0
DA:24,0
DA:25,0
DA:26,0
DA:27,0
DA:28,0
DA:32,0
DA:33,0
DA:35,0
DA:39,0
DA:42,0
DA:43,0
DA:48,0
DA:49,0
DA:56,0
LF:29
LH:1
BRDA:26,0,0,0
BRDA:26,0,1,0
BRDA:32,1,0,0
BRDA:32,1,1,0
BRDA:71,2,0,0
BRDA:71,2,1,0
BRF:6
BRH:0
end_of_record
TN:
SF:client/src/components/RelatedItems.jsx
FN:7,(anonymous_0)
FN:11,(anonymous_1)
FN:17,(anonymous_2)
FN:26,(anonymous_3)
FN:35,(anonymous_4)
FN:48,(anonymous_5)
FN:58,(anonymous_6)
FNF:7
FNH:4
FNDA:3,(anonymous_0)
FNDA:3,(anonymous_1)
FNDA:0,(anonymous_2)
FNDA:3,(anonymous_3)
FNDA:0,(anonymous_4)
FNDA:3,(anonymous_5)
FNDA:0,(anonymous_6)
DA:7,1
DA:9,3
DA:10,3
DA:11,3
DA:13,3
DA:19,0
DA:26,3
DA:27,3
DA:36,0
DA:37,0
DA:38,0
DA:41,0
DA:48,3
DA:49,3
DA:50,3
DA:57,3
DA:58,0
LF:17
LH:11
BRDA:59,0,0,0
BRDA:59,0,1,3
BRDA:66,1,0,0
BRDA:66,1,1,3
BRF:4
BRH:2
end_of_record
TN:
SF:client/src/components/RelatedItemsAndOutfitCreation.jsx
FN:7,(anonymous_0)
FN:13,(anonymous_1)
FN:19,(anonymous_2)
FN:30,(anonymous_3)
FN:49,(anonymous_4)
FNF:5
FNH:5
FNDA:2,(anonymous_0)
FNDA:1,(anonymous_1)
FNDA:1,(anonymous_2)
FNDA:1,(anonymous_3)
FNDA:3,(anonymous_4)
DA:7,1
DA:8,2
DA:13,2
DA:15,1
DA:21,1
DA:30,2
DA:31,1
DA:34,1
DA:45,2
DA:50,3
LF:10
LH:10
BRDA:31,0,0,1
BRDA:31,0,1,0
BRDA:48,1,0,2
BRDA:48,1,1,0
BRDA:49,2,0,1
BRDA:49,2,1,1
BRF:6
BRH:4
end_of_record
