TN:
SF:Test.js
FN:1,sum
FNF:1
FNH:1
FNDA:1,sum
DA:2,1
DA:4,1
LF:2
LH:2
BRF:0
BRH:0
end_of_record
TN:
SF:client/src/Notification.jsx
FN:2,(anonymous_0)
FN:6,(anonymous_1)
FN:9,(anonymous_2)
FN:22,(anonymous_3)
FN:23,(anonymous_4)
FN:26,(anonymous_5)
FN:32,(anonymous_6)
FN:34,(anonymous_7)
FN:36,(anonymous_8)
FN:42,(anonymous_9)
FN:47,(anonymous_10)
FN:72,(anonymous_11)
FN:75,(anonymous_12)
FN:78,(anonymous_13)
FN:91,(anonymous_14)
FN:95,(anonymous_15)
FN:96,(anonymous_16)
FN:102,(anonymous_17)
FN:103,(anonymous_18)
FN:112,(anonymous_19)
FN:136,(anonymous_20)
FN:139,(anonymous_21)
FN:142,(anonymous_22)
FN:155,(anonymous_23)
FNF:24
FNH:2
FNDA:1,(anonymous_0)
FNDA:1,(anonymous_1)
FNDA:0,(anonymous_2)
FNDA:0,(anonymous_3)
FNDA:0,(anonymous_4)
FNDA:0,(anonymous_5)
FNDA:0,(anonymous_6)
FNDA:0,(anonymous_7)
FNDA:0,(anonymous_8)
FNDA:0,(anonymous_9)
FNDA:0,(anonymous_10)
FNDA:0,(anonymous_11)
FNDA:0,(anonymous_12)
FNDA:0,(anonymous_13)
FNDA:0,(anonymous_14)
FNDA:0,(anonymous_15)
FNDA:0,(anonymous_16)
FNDA:0,(anonymous_17)
FNDA:0,(anonymous_18)
FNDA:0,(anonymous_19)
FNDA:0,(anonymous_20)
FNDA:0,(anonymous_21)
FNDA:0,(anonymous_22)
FNDA:0,(anonymous_23)
DA:2,1
DA:4,1
DA:6,1
DA:9,1
DA:10,0
DA:18,1
DA:19,1
DA:22,1
DA:23,0
DA:26,0
DA:27,0
DA:32,1
DA:34,0
DA:36,0
DA:37,0
DA:38,0
DA:42,0
DA:43,0
DA:47,1
DA:49,0
DA:50,0
DA:52,0
DA:72,0
DA:73,0
DA:74,0
DA:75,0
DA:78,0
DA:80,0
DA:81,0
DA:82,0
DA:84,0
DA:89,0
DA:91,0
DA:95,0
DA:96,0
DA:100,0
DA:102,0
DA:103,0
DA:105,0
DA:112,1
DA:113,0
DA:116,0
DA:136,0
DA:137,0
DA:138,0
DA:139,0
DA:142,0
DA:144,0
DA:145,0
DA:146,0
DA:148,0
DA:153,0
DA:155,0
DA:159,0
DA:163,1
DA:164,1
DA:165,1
DA:166,1
LF:58
LH:14
BRDA:74,0,0,0
BRDA:74,0,1,0
BRDA:138,1,0,0
BRDA:138,1,1,0
BRF:4
BRH:0
end_of_record
TN:
SF:client/src/components/Favorites.jsx
FN:5,(anonymous_0)
FN:8,(anonymous_1)
FN:9,(anonymous_2)
FN:14,(anonymous_3)
FN:21,(anonymous_4)
FN:28,(anonymous_5)
FN:30,(anonymous_6)
FN:31,(anonymous_7)
FN:36,(anonymous_8)
FN:44,(anonymous_9)
FN:48,(anonymous_10)
FN:60,(anonymous_11)
FN:62,(anonymous_12)
FNF:13
FNH:3
FNDA:1,(anonymous_0)
FNDA:0,(anonymous_1)
FNDA:0,(anonymous_2)
FNDA:0,(anonymous_3)
FNDA:1,(anonymous_4)
FNDA:0,(anonymous_5)
FNDA:0,(anonymous_6)
FNDA:0,(anonymous_7)
FNDA:0,(anonymous_8)
FNDA:0,(anonymous_9)
FNDA:0,(anonymous_10)
FNDA:1,(anonymous_11)
FNDA:0,(anonymous_12)
DA:5,1
DA:6,1
DA:8,1
DA:9,1
DA:11,1
DA:12,0
DA:14,0
DA:15,0
DA:16,0
DA:19,1
DA:21,1
DA:22,1
DA:23,1
DA:28,1
DA:29,0
DA:30,0
DA:31,0
DA:33,0
DA:34,0
DA:36,0
DA:37,0
DA:38,0
DA:41,0
DA:44,0
DA:45,0
DA:46,0
DA:48,0
DA:49,0
DA:50,0
DA:53,0
DA:60,1
DA:61,1
DA:62,1
DA:64,1
DA:68,1
DA:69,1
DA:70,1
LF:37
LH:17
BRDA:8,0,0,0
BRDA:8,0,1,1
BRDA:11,1,0,0
BRDA:11,1,1,1
BRDA:30,2,0,0
BRDA:30,2,1,0
BRDA:33,3,0,0
BRDA:33,3,1,0
BRDA:62,4,0,0
BRDA:62,4,1,1
BRF:10
BRH:3
end_of_record
TN:
SF:client/src/components/ProductOverview.jsx
FN:18,(anonymous_0)
FN:28,(anonymous_1)
FN:34,(anonymous_2)
FN:46,(anonymous_3)
FN:52,(anonymous_4)
FN:61,(anonymous_5)
FN:80,(anonymous_6)
FN:92,(anonymous_7)
FN:99,(anonymous_8)
FN:113,(anonymous_9)
FN:122,(anonymous_10)
FN:123,(anonymous_11)
FN:126,(anonymous_12)
FN:142,(anonymous_13)
FN:144,(anonymous_14)
FN:162,(anonymous_15)
FN:207,(anonymous_16)
FN:219,(anonymous_17)
FN:225,(anonymous_18)
FN:260,(anonymous_19)
FN:262,(anonymous_20)
FN:278,(anonymous_21)
FN:282,(anonymous_22)
FN:284,(anonymous_23)
FN:285,(anonymous_24)
FN:306,(anonymous_25)
FN:325,(anonymous_26)
FNF:27
FNH:5
FNDA:1,(anonymous_0)
FNDA:1,(anonymous_1)
FNDA:0,(anonymous_2)
FNDA:1,(anonymous_3)
FNDA:0,(anonymous_4)
FNDA:0,(anonymous_5)
FNDA:0,(anonymous_6)
FNDA:0,(anonymous_7)
FNDA:0,(anonymous_8)
FNDA:0,(anonymous_9)
FNDA:0,(anonymous_10)
FNDA:0,(anonymous_11)
FNDA:0,(anonymous_12)
FNDA:1,(anonymous_13)
FNDA:0,(anonymous_14)
FNDA:1,(anonymous_15)
FNDA:0,(anonymous_16)
FNDA:0,(anonymous_17)
FNDA:0,(anonymous_18)
FNDA:0,(anonymous_19)
FNDA:0,(anonymous_20)
FNDA:0,(anonymous_21)
FNDA:0,(anonymous_22)
FNDA:0,(anonymous_23)
FNDA:0,(anonymous_24)
FNDA:0,(anonymous_25)
FNDA:0,(anonymous_26)
DA:13,1
DA:14,1
DA:18,1
DA:19,1
DA:20,1
DA:21,1
DA:22,1
DA:23,1
DA:24,1
DA:25,1
DA:26,1
DA:28,1
DA:30,1
DA:35,0
DA:37,0
DA:38,0
DA:39,0
DA:40,0
DA:46,1
DA:48,1
DA:53,0
DA:55,0
DA:61,1
DA:63,0
DA:65,0
DA:66,0
DA:68,0
DA:70,0
DA:71,0
DA:74,0
DA:75,0
DA:80,1
DA:81,0
DA:83,0
DA:84,0
DA:85,0
DA:87,0
DA:88,0
DA:92,1
DA:93,0
DA:94,0
DA:99,1
DA:101,0
DA:102,0
DA:103,0
DA:104,0
DA:107,0
DA:108,0
DA:113,1
DA:114,0
DA:118,0
DA:119,0
DA:122,0
DA:123,0
DA:126,0
DA:127,0
DA:132,0
DA:135,0
DA:136,0
DA:137,0
DA:142,1
DA:144,1
DA:146,0
DA:147,0
DA:149,0
DA:162,1
DA:163,1
DA:166,1
DA:167,1
DA:169,1
DA:170,1
DA:171,1
DA:172,1
DA:186,1
DA:207,0
DA:219,0
DA:225,0
DA:262,0
DA:278,0
DA:282,0
DA:284,0
DA:285,0
DA:307,0
DA:325,0
LF:84
LH:31
BRDA:83,0,0,0
BRDA:83,0,1,0
BRDA:102,1,0,0
BRDA:102,1,1,0
BRDA:163,2,0,1
BRDA:163,2,1,0
BRDA:204,3,0,0
BRDA:204,3,1,1
BRDA:207,4,0,0
BRDA:207,4,1,1
BRDA:219,5,0,0
BRDA:219,5,1,1
BRDA:225,6,0,0
BRDA:225,6,1,1
BRDA:245,7,0,1
BRDA:245,7,1,0
BRDA:248,8,0,1
BRDA:248,8,1,0
BRDA:251,9,0,1
BRDA:251,9,1,0
BRDA:260,10,0,0
BRDA:260,10,1,1
BRDA:263,11,0,0
BRDA:263,11,1,0
BRDA:282,12,0,0
BRDA:282,12,1,1
BRDA:285,13,0,0
BRDA:285,13,1,1
BRDA:325,14,0,0
BRDA:325,14,1,1
BRF:30
BRH:12
end_of_record
TN:
SF:client/src/components/RatingSystem.jsx
FN:3,(anonymous_0)
FN:24,(anonymous_1)
FN:48,(anonymous_2)
FNF:3
FNH:2
FNDA:1,(anonymous_0)
FNDA:1,(anonymous_1)
FNDA:0,(anonymous_2)
DA:3,1
DA:5,1
DA:6,1
DA:7,1
DA:8,1
DA:9,1
DA:10,1
DA:11,1
DA:15,1
DA:16,1
DA:17,1
DA:18,1
DA:19,1
DA:20,1
DA:21,1
DA:24,1
DA:25,1
DA:26,1
DA:27,1
DA:28,1
DA:32,1
DA:33,0
DA:35,1
DA:39,1
DA:42,1
DA:43,0
DA:48,0
DA:49,0
DA:56,1
LF:29
LH:25
BRDA:26,0,0,1
BRDA:26,0,1,0
BRDA:32,1,0,0
BRDA:32,1,1,1
BRDA:71,2,0,0
BRDA:71,2,1,1
BRF:6
BRH:3
end_of_record
